<?xml version="1.0" encoding="UTF-8"?>
<!-- Generated by org.testng.reporters.JUnitXMLReporter -->
<testsuite ignored="0" hostname="DESKTOP-99COHO2" failures="0" tests="2" name="Default test" time="0.055" errors="0" timestamp="2021-12-21T15:35:21 IST">
  <testcase classname="fileReadWritingOps.fileReadUsingBufferedReader" name="readMultiLine" time="0.01"/>
  <testcase classname="fileReadWritingOps.fileReadUsingBufferedReader" name="readSingleLine" time="0.002"/>
</testsuite> <!-- Default test -->
