<?xml version="1.0" encoding="UTF-8"?>
<testng-results ignored="0" total="2" passed="2" failed="0" skipped="0">
  <reporter-output>
  </reporter-output>
  <suite started-at="2021-12-21T15:35:21 IST" name="Default suite" finished-at="2021-12-21T15:35:21 IST" duration-ms="55">
    <groups>
    </groups>
    <test started-at="2021-12-21T15:35:21 IST" name="Default test" finished-at="2021-12-21T15:35:21 IST" duration-ms="55">
      <class name="fileReadWritingOps.fileReadUsingBufferedReader">
        <test-method signature="readMultiLine()[pri:0, instance:fileReadWritingOps.fileReadUsingBufferedReader@4facf68f]" started-at="2021-12-21T15:35:21 IST" name="readMultiLine" finished-at="2021-12-21T15:35:21 IST" duration-ms="10" status="PASS">
          <reporter-output>
          </reporter-output>
        </test-method> <!-- readMultiLine -->
        <test-method signature="readSingleLine()[pri:0, instance:fileReadWritingOps.fileReadUsingBufferedReader@4facf68f]" started-at="2021-12-21T15:35:21 IST" name="readSingleLine" finished-at="2021-12-21T15:35:21 IST" duration-ms="2" status="PASS">
          <reporter-output>
          </reporter-output>
        </test-method> <!-- readSingleLine -->
      </class> <!-- fileReadWritingOps.fileReadUsingBufferedReader -->
    </test> <!-- Default test -->
  </suite> <!-- Default suite -->
</testng-results>
